     1 00000000                                 [FORMAT "WCOFF"]			; 生成对象文件的模式
     2 00000000                                 [INSTRSET "i486p"]		; 表示使用486兼容指令集
     3 00000000                                 [BITS 32]							; 生成32位模式机器语言
     4 00000000                                 [FILE "a_nask.nas"]		; 源文件名信息
     5 00000000                                 
     6 00000000                                 		GLOBAL	_api_putchar, _api_putstr0, _api_end
     7 00000000                                 		GLOBAL	_api_openwin, _api_closewin
     8 00000000                                 		GLOBAL	_api_putstrwin, _api_boxfilwin
     9 00000000                                 		GLOBAL	_api_initmalloc, _api_malloc, _api_mallocfree
    10 00000000                                 		GLOBAL	_api_point, _api_linewin, _api_refreshwin
    11 00000000                                 		GLOBAL	_api_getkey
    12 00000000                                 		GLOBAL	_api_alloctimer, _api_inittimer, _api_settimer, _api_freetimer
    13 00000000                                 
    14                                          [SECTION .text]
    15 00000000                                 
    16 00000000                                 _api_putchar:	; void api_putchar(int c);
    17 00000000 BA 00000001                     		MOV		EDX,1
    18 00000005 8A 44 24 04                     		MOV		AL,[ESP+4]		; c
    19 00000009 CD 40                           		INT		0x40
    20 0000000B C3                              		RET
    21 0000000C                                 
    22 0000000C                                 _api_putstr0:	; void api_putstr0(char *s);
    23 0000000C 53                              		PUSH	EBX
    24 0000000D BA 00000002                     		MOV		EDX,2
    25 00000012 8B 5C 24 08                     		MOV		EBX,[ESP+8]		; s
    26 00000016 CD 40                           		INT		0x40
    27 00000018 5B                              		POP		EBX
    28 00000019 C3                              		RET
    29 0000001A                                 
    30 0000001A                                 _api_end: ; void api_end(void); 
    31 0000001A BA 00000004                     		MOV			EDX,4
    32 0000001F CD 40                           		INT			0x40
    33 00000021                                 
    34 00000021                                 _api_openwin:	; int api_openwin(char *buf, int xsiz, int ysiz, int col_inv, char *title);
    35 00000021 57                              		PUSH	EDI
    36 00000022 56                              		PUSH	ESI
    37 00000023 53                              		PUSH	EBX
    38 00000024 BA 00000005                     		MOV		EDX,5
    39 00000029 8B 5C 24 10                     		MOV		EBX,[ESP+16]	; buf
    40 0000002D 8B 74 24 14                     		MOV		ESI,[ESP+20]	; xsiz
    41 00000031 8B 7C 24 18                     		MOV		EDI,[ESP+24]	; ysiz
    42 00000035 8B 44 24 1C                     		MOV		EAX,[ESP+28]	; col_inv
    43 00000039 8B 4C 24 20                     		MOV		ECX,[ESP+32]	; title
    44 0000003D CD 40                           		INT		0x40
    45 0000003F 5B                              		POP		EBX
    46 00000040 5E                              		POP		ESI
    47 00000041 5F                              		POP		EDI
    48 00000042 C3                              		RET
    49 00000043                                 
    50 00000043                                 _api_putstrwin:	; void api_putstrwin(int win, int x, int y, int col, int len, char *str);
    51 00000043 57                              		PUSH	EDI
    52 00000044 56                              		PUSH	ESI
    53 00000045 55                              		PUSH	EBP
    54 00000046 53                              		PUSH	EBX
    55 00000047 BA 00000006                     		MOV		EDX,6
    56 0000004C 8B 5C 24 14                     		MOV		EBX,[ESP+20]	; win
    57 00000050 8B 74 24 18                     		MOV		ESI,[ESP+24]	; x
    58 00000054 8B 7C 24 1C                     		MOV		EDI,[ESP+28]	; y
    59 00000058 8B 44 24 20                     		MOV		EAX,[ESP+32]	; col
    60 0000005C 8B 4C 24 24                     		MOV		ECX,[ESP+36]	; len
    61 00000060 8B 6C 24 28                     		MOV		EBP,[ESP+40]	; str
    62 00000064 CD 40                           		INT		0x40
    63 00000066 5B                              		POP		EBX
    64 00000067 5D                              		POP		EBP
    65 00000068 5E                              		POP		ESI
    66 00000069 5F                              		POP		EDI
    67 0000006A C3                              		RET
    68 0000006B                                 
    69 0000006B                                 _api_boxfilwin:	; void api_boxfilwin(int win, int x0, int y0, int x1, int y1, int col);
    70 0000006B 57                              		PUSH	EDI
    71 0000006C 56                              		PUSH	ESI
    72 0000006D 55                              		PUSH	EBP
    73 0000006E 53                              		PUSH	EBX
    74 0000006F BA 00000007                     		MOV		EDX,7
    75 00000074 8B 5C 24 14                     		MOV		EBX,[ESP+20]	; win
    76 00000078 8B 44 24 18                     		MOV		EAX,[ESP+24]	; x0
    77 0000007C 8B 4C 24 1C                     		MOV		ECX,[ESP+28]	; y0
    78 00000080 8B 74 24 20                     		MOV		ESI,[ESP+32]	; x1
    79 00000084 8B 7C 24 24                     		MOV		EDI,[ESP+36]	; y1
    80 00000088 8B 6C 24 28                     		MOV		EBP,[ESP+40]	; col
    81 0000008C CD 40                           		INT		0x40
    82 0000008E 5B                              		POP		EBX
    83 0000008F 5D                              		POP		EBP
    84 00000090 5E                              		POP		ESI
    85 00000091 5F                              		POP		EDI
    86 00000092 C3                              		RET
    87 00000093                                 
    88 00000093                                 _api_initmalloc:	; void api_initmalloc(void);
    89 00000093 53                              		PUSH	EBX
    90 00000094 BA 00000008                     		MOV		EDX,8
    91 00000099 2E 8B 1D 00000020               		MOV		EBX,[CS:0x0020]		; malloc内存空间的地址
    92 000000A0 89 D8                           		MOV		EAX,EBX
    93 000000A2 05 00008000                     		ADD		EAX,32*1024				; 加上32KB
    94 000000A7 2E 8B 0D 00000000               		MOV		ECX,[CS:0x0000]		; 数据段的大小
    95 000000AE 29 C1                           		SUB		ECX,EAX
    96 000000B0 CD 40                           		INT		0x40
    97 000000B2 5B                              		POP		EBX
    98 000000B3 C3                              		RET
    99 000000B4                                 
   100 000000B4                                 _api_malloc:		; char *api_malloc(int size);
   101 000000B4 53                              		PUSH	EBX
   102 000000B5 BA 00000009                     		MOV		EDX,9
   103 000000BA 2E 8B 1D 00000020               		MOV		EBX,[CS:0x0020]
   104 000000C1 8B 4C 24 08                     		MOV		ECX,[ESP+8]			; size
   105 000000C5 CD 40                           		INT		0x40
   106 000000C7 5B                              		POP		EBX
   107 000000C8 C3                              		RET
   108 000000C9                                 
   109 000000C9                                 _api_mallocfree:			; void api_mallocfree(char *addr, int size);
   110 000000C9 53                              		PUSH	EBX
   111 000000CA BA 0000000A                     		MOV		EDX,10
   112 000000CF 2E 8B 1D 00000020               		MOV		EBX,[CS:0x0020]
   113 000000D6 8B 44 24 08                     		MOV		EAX,[ESP+ 8]		; addr
   114 000000DA 8B 4C 24 0C                     		MOV		ECX,[ESP+12]		; size
   115 000000DE CD 40                           		INT		0x40
   116 000000E0 5B                              		POP		EBX
   117 000000E1 C3                              		RET
   118 000000E2                                 _api_point:	; void api_point(int win, int x, int y, int col);
   119 000000E2 56                              		PUSH	ESI
   120 000000E3 57                              		PUSH	EDI
   121 000000E4 53                              		PUSH	EBX
   122 000000E5 BA 0000000B                     		MOV		EDX,11
   123 000000EA 8B 5C 24 10                     		MOV		EBX,[ESP+16]	; win
   124 000000EE 8B 74 24 14                     		MOV		ESI,[ESP+20]	; x
   125 000000F2 8B 7C 24 18                     		MOV		EDI,[ESP+24]	; y
   126 000000F6 8B 44 24 1C                     		MOV		EAX,[ESP+28]	; col
   127 000000FA CD 40                           		INT		0x40
   128 000000FC 5B                              		POP		EBX
   129 000000FD 5F                              		POP		EDI
   130 000000FE 5E                              		POP		ESI
   131 000000FF C3                              		RET
   132 00000100                                 
   133 00000100                                 _api_refreshwin:	; void api_refreshwin(int win, int x0, int y0, int x1, int y1);
   134 00000100 56                              		PUSH	ESI
   135 00000101 57                              		PUSH	EDI
   136 00000102 53                              		PUSH	EBX
   137 00000103 BA 0000000C                     		MOV		EDX,12
   138 00000108 8B 5C 24 10                     		MOV		EBX,[ESP+16]	; win
   139 0000010C 8B 44 24 14                     		MOV		EAX,[ESP+20]	; x0
   140 00000110 8B 4C 24 18                     		MOV		ECX,[ESP+24]	; y0
   141 00000114 8B 74 24 1C                     		MOV		ESI,[ESP+28]	; x1
   142 00000118 8B 7C 24 20                     		MOV		EDI,[ESP+32]	; y1
   143 0000011C CD 40                           		INT		0x40
   144 0000011E 5B                              		POP		EBX
   145 0000011F 5F                              		POP		EDI
   146 00000120 5E                              		POP		ESI
   147 00000121 C3                              		RET
   148 00000122                                 
   149 00000122                                 _api_linewin:	; void api_linewin(int win, int x0, int y0, int x1, int y1, int col);
   150 00000122 56                              		PUSH	ESI
   151 00000123 57                              		PUSH	EDI
   152 00000124 55                              		PUSH	EBP
   153 00000125 53                              		PUSH	EBX
   154 00000126 BA 0000000D                     		MOV		EDX,13
   155 0000012B 8B 5C 24 14                     		MOV		EBX,[ESP+20]	; win
   156 0000012F 8B 44 24 18                     		MOV		EAX,[ESP+24]	; x0
   157 00000133 8B 4C 24 1C                     		MOV		ECX,[ESP+28]	; y0
   158 00000137 8B 74 24 20                     		MOV		ESI,[ESP+32]	; x1
   159 0000013B 8B 7C 24 24                     		MOV		EDI,[ESP+36]	; y1
   160 0000013F 8B 6C 24 28                     		MOV		EBP,[ESP+40]	; col
   161 00000143 CD 40                           		INT		0x40
   162 00000145 5B                              		POP		EBX
   163 00000146 5D                              		POP		EBP
   164 00000147 5F                              		POP		EDI
   165 00000148 5E                              		POP		ESI
   166 00000149 C3                              		RET
   167 0000014A                                 
   168 0000014A                                 _api_closewin:	; void api_closewin(int win);
   169 0000014A 53                              		PUSH	EBX
   170 0000014B BA 0000000E                     		MOV		EDX,14
   171 00000150 8B 5C 24 08                     		MOV		EBX,[ESP+8]	; win
   172 00000154 CD 40                           		INT		0x40
   173 00000156 5B                              		POP		EBX
   174 00000157 C3                              		RET
   175 00000158                                 
   176 00000158                                 _api_getkey:	; int api_getkey(int mode);
   177 00000158 BA 0000000F                     		MOV		EDX,15
   178 0000015D 8B 44 24 04                     		MOV		EAX,[ESP+4]; MOD
   179 00000161 CD 40                           		INT		0x40
   180 00000163 C3                              		RET
   181 00000164                                 
   182 00000164                                 _api_alloctimer:	; int api_alloctimer(void);
   183 00000164 BA 00000010                     		MOV		EDX,16
   184 00000169 CD 40                           		INT		0x40
   185 0000016B C3                              		RET
   186 0000016C                                 
   187 0000016C                                 _api_inittimer:		; void api_inittimer(int timer, int data);
   188 0000016C 53                              		PUSH	EBX
   189 0000016D BA 00000011                     		MOV		EDX,17
   190 00000172 8B 5C 24 08                     		MOV		EBX,[ESP+ 8]		; timer
   191 00000176 8B 44 24 0C                     		MOV		EAX,[ESP+12]		; data
   192 0000017A CD 40                           		INT		0x40
   193 0000017C 5B                              		POP		EBX
   194 0000017D C3                              		RET
   195 0000017E                                 
   196 0000017E                                 _api_settimer:		; void api_settimer(int timer, int time);
   197 0000017E 53                              		PUSH	EBX
   198 0000017F BA 00000012                     		MOV		EDX,18
   199 00000184 8B 5C 24 08                     		MOV		EBX,[ESP+ 8]		; timer
   200 00000188 8B 44 24 0C                     		MOV		EAX,[ESP+12]		; time
   201 0000018C CD 40                           		INT		0x40
   202 0000018E 5B                              		POP		EBX
   203 0000018F C3                              		RET
   204 00000190                                 
   205 00000190                                 _api_freetimer:		; void api_freetimer(int timer);
   206 00000190 53                              		PUSH	EBX
   207 00000191 BA 00000013                     		MOV		EDX,19
   208 00000196 8B 5C 24 08                     		MOV		EBX,[ESP+ 8]		; timer
   209 0000019A CD 40                           		INT		0x40
   210 0000019C 5B                              		POP		EBX
   211 0000019D C3                              		RET
