     1 00000000                                 [FORMAT "WCOFF"]
     2 00000000                                 [INSTRSET "i486p"]
     3 00000000                                 [OPTIMIZE 1]
     4 00000000                                 [OPTION 1]
     5 00000000                                 [BITS 32]
     6 00000000                                 [FILE "file.c"]
     7                                          [SECTION .text]
     8 00000000                                 	GLOBAL	_file_readfat
     9 00000000                                 _file_readfat:
    10 00000000 55                              	PUSH	EBP
    11 00000001 31 C9                           	XOR	ECX,ECX
    12 00000003 89 E5                           	MOV	EBP,ESP
    13 00000005 57                              	PUSH	EDI
    14 00000006 56                              	PUSH	ESI
    15 00000007 53                              	PUSH	EBX
    16 00000008 8B 7D 08                        	MOV	EDI,DWORD [8+EBP]
    17 0000000B 8B 75 0C                        	MOV	ESI,DWORD [12+EBP]
    18 0000000E 31 DB                           	XOR	EBX,EBX
    19 00000010                                 L6:
    20 00000010 0F B6 44 31 01                  	MOVZX	EAX,BYTE [1+ECX+ESI*1]
    21 00000015 0F B6 14 31                     	MOVZX	EDX,BYTE [ECX+ESI*1]
    22 00000019 C1 E0 08                        	SAL	EAX,8
    23 0000001C 09 C2                           	OR	EDX,EAX
    24 0000001E 81 E2 00000FFF                  	AND	EDX,4095
    25 00000024 89 14 9F                        	MOV	DWORD [EDI+EBX*4],EDX
    26 00000027 8A 44 31 01                     	MOV	AL,BYTE [1+ECX+ESI*1]
    27 0000002B 0F B6 54 31 02                  	MOVZX	EDX,BYTE [2+ECX+ESI*1]
    28 00000030 C0 E8 04                        	SHR	AL,4
    29 00000033 83 C1 03                        	ADD	ECX,3
    30 00000036 C1 E2 04                        	SAL	EDX,4
    31 00000039 0F B6 C0                        	MOVZX	EAX,AL
    32 0000003C 09 D0                           	OR	EAX,EDX
    33 0000003E 89 44 9F 04                     	MOV	DWORD [4+EDI+EBX*4],EAX
    34 00000042 83 C3 02                        	ADD	EBX,2
    35 00000045 81 FB 000008E7                  	CMP	EBX,2279
    36 0000004B 7E C3                           	JLE	L6
    37 0000004D 5B                              	POP	EBX
    38 0000004E 5E                              	POP	ESI
    39 0000004F 5F                              	POP	EDI
    40 00000050 5D                              	POP	EBP
    41 00000051 C3                              	RET
    42 00000052                                 	GLOBAL	_file_loadfile
    43 00000052                                 _file_loadfile:
    44 00000052 55                              	PUSH	EBP
    45 00000053 89 E5                           	MOV	EBP,ESP
    46 00000055 57                              	PUSH	EDI
    47 00000056 56                              	PUSH	ESI
    48 00000057 8B 45 08                        	MOV	EAX,DWORD [8+EBP]
    49 0000005A 53                              	PUSH	EBX
    50 0000005B 8B 7D 10                        	MOV	EDI,DWORD [16+EBP]
    51 0000005E 8B 75 14                        	MOV	ESI,DWORD [20+EBP]
    52 00000061 0F B7 58 1A                     	MOVZX	EBX,WORD [26+EAX]
    53 00000065 8B 48 1C                        	MOV	ECX,DWORD [28+EAX]
    54 00000068                                 L10:
    55 00000068 81 F9 00000200                  	CMP	ECX,512
    56 0000006E 7E 2C                           	JLE	L27
    57 00000070 31 D2                           	XOR	EDX,EDX
    58 00000072                                 L23:
    59 00000072 89 D8                           	MOV	EAX,EBX
    60 00000074 C1 E0 09                        	SAL	EAX,9
    61 00000077 01 D0                           	ADD	EAX,EDX
    62 00000079 8A 04 38                        	MOV	AL,BYTE [EAX+EDI*1]
    63 0000007C 88 04 32                        	MOV	BYTE [EDX+ESI*1],AL
    64 0000007F 42                              	INC	EDX
    65 00000080 81 FA 000001FF                  	CMP	EDX,511
    66 00000086 7E EA                           	JLE	L23
    67 00000088 8B 45 0C                        	MOV	EAX,DWORD [12+EBP]
    68 0000008B 81 E9 00000200                  	SUB	ECX,512
    69 00000091 81 C6 00000200                  	ADD	ESI,512
    70 00000097 8B 1C 98                        	MOV	EBX,DWORD [EAX+EBX*4]
    71 0000009A EB CC                           	JMP	L10
    72 0000009C                                 L27:
    73 0000009C 31 D2                           	XOR	EDX,EDX
    74 0000009E 39 CA                           	CMP	EDX,ECX
    75 000000A0 7D 12                           	JGE	L9
    76 000000A2                                 L18:
    77 000000A2 89 D8                           	MOV	EAX,EBX
    78 000000A4 C1 E0 09                        	SAL	EAX,9
    79 000000A7 01 D0                           	ADD	EAX,EDX
    80 000000A9 8A 04 38                        	MOV	AL,BYTE [EAX+EDI*1]
    81 000000AC 88 04 32                        	MOV	BYTE [EDX+ESI*1],AL
    82 000000AF 42                              	INC	EDX
    83 000000B0 39 CA                           	CMP	EDX,ECX
    84 000000B2 7C EE                           	JL	L18
    85 000000B4                                 L9:
    86 000000B4 5B                              	POP	EBX
    87 000000B5 5E                              	POP	ESI
    88 000000B6 5F                              	POP	EDI
    89 000000B7 5D                              	POP	EBP
    90 000000B8 C3                              	RET
