     1 00000000                                 [FORMAT "WCOFF"]
     2 00000000                                 [INSTRSET "i486p"]
     3 00000000                                 [OPTIMIZE 1]
     4 00000000                                 [OPTION 1]
     5 00000000                                 [BITS 32]
     6 00000000                                 	EXTERN	_memory_alloc_4k
     7 00000000                                 	EXTERN	_set_segmdesc
     8 00000000                                 	EXTERN	_load_tr
     9 00000000                                 	EXTERN	_timer_alloc
    10 00000000                                 	EXTERN	_timer_settime
    11 00000000                                 	EXTERN	_timer_login
    12 00000000                                 	EXTERN	_far_jmp
    13 00000000                                 	EXTERN	_io_hlt
    14 00000000                                 [FILE "mtask.c"]
    15                                          [SECTION .text]
    16 00000000                                 	GLOBAL	_mtask_init
    17 00000000                                 _mtask_init:
    18 00000000 55                              	PUSH	EBP
    19 00000001 89 E5                           	MOV	EBP,ESP
    20 00000003 57                              	PUSH	EDI
    21 00000004 56                              	PUSH	ESI
    22 00000005 31 FF                           	XOR	EDI,EDI
    23 00000007 53                              	PUSH	EBX
    24 00000008 BE 000003E7                     	MOV	ESI,999
    25 0000000D 6A 00                           	PUSH	0
    26 0000000F 31 DB                           	XOR	EBX,EBX
    27 00000011 68 0001F458                     	PUSH	128088
    28 00000016 FF 75 08                        	PUSH	DWORD [8+EBP]
    29 00000019 E8 [00000000]                   	CALL	_memory_alloc_4k
    30 0000001E 83 C4 0C                        	ADD	ESP,12
    31 00000021 8B 00                           	MOV	EAX,DWORD [EAX]
    32 00000023 A3 [00000000]                   	MOV	DWORD [_taskctl],EAX
    33 00000028                                 L6:
    34 00000028 89 F8                           	MOV	EAX,EDI
    35 0000002A 8D 53 18                        	LEA	EDX,DWORD [24+EBX]
    36 0000002D 03 05 [00000000]                	ADD	EAX,DWORD [_taskctl]
    37 00000033 83 C7 7C                        	ADD	EDI,124
    38 00000036 C7 80 00000FFC 00000000         	MOV	DWORD [4092+EAX],0
    39 00000040 89 90 00000FF8                  	MOV	DWORD [4088+EAX],EDX
    40 00000046 05 0000100C                     	ADD	EAX,4108
    41 0000004B 68 00000089                     	PUSH	137
    42 00000050 50                              	PUSH	EAX
    43 00000051 8D 83 00270018                  	LEA	EAX,DWORD [2555928+EBX]
    44 00000057 6A 67                           	PUSH	103
    45 00000059 83 C3 08                        	ADD	EBX,8
    46 0000005C 50                              	PUSH	EAX
    47 0000005D E8 [00000000]                   	CALL	_set_segmdesc
    48 00000062 83 C4 10                        	ADD	ESP,16
    49 00000065 4E                              	DEC	ESI
    50 00000066 79 C0                           	JNS	L6
    51 00000068 E8 000000E2                     	CALL	_mtask_alloc
    52 0000006D 89 C6                           	MOV	ESI,EAX
    53 0000006F C7 40 04 00000002               	MOV	DWORD [4+EAX],2
    54 00000076 C7 40 08 00000002               	MOV	DWORD [8+EAX],2
    55 0000007D C7 40 0C 00000000               	MOV	DWORD [12+EAX],0
    56 00000084 8B 45 0C                        	MOV	EAX,DWORD [12+EBP]
    57 00000087 89 46 10                        	MOV	DWORD [16+ESI],EAX
    58 0000008A A1 [00000000]                   	MOV	EAX,DWORD [_taskctl]
    59 0000008F C6 40 04 00                     	MOV	BYTE [4+EAX],0
    60 00000093 C7 00 00000000                  	MOV	DWORD [EAX],0
    61 00000099 A1 [00000000]                   	MOV	EAX,DWORD [_taskctl]
    62 0000009E C7 40 0C 00000000               	MOV	DWORD [12+EAX],0
    63 000000A5 C7 40 08 00000000               	MOV	DWORD [8+EAX],0
    64 000000AC 56                              	PUSH	ESI
    65 000000AD E8 00000267                     	CALL	_task_add
    66 000000B2 E8 000002F8                     	CALL	_task_switchsub
    67 000000B7 FF 36                           	PUSH	DWORD [ESI]
    68 000000B9 E8 [00000000]                   	CALL	_load_tr
    69 000000BE 8B 45 0C                        	MOV	EAX,DWORD [12+EBP]
    70 000000C1 89 70 18                        	MOV	DWORD [24+EAX],ESI
    71 000000C4 E8 [00000000]                   	CALL	_timer_alloc
    72 000000C9 6A 02                           	PUSH	2
    73 000000CB FF 75 0C                        	PUSH	DWORD [12+EBP]
    74 000000CE 50                              	PUSH	EAX
    75 000000CF A3 [00000004]                   	MOV	DWORD [_timer_ts],EAX
    76 000000D4 E8 [00000000]                   	CALL	_timer_settime
    77 000000D9 FF 76 08                        	PUSH	DWORD [8+ESI]
    78 000000DC FF 35 [00000004]                	PUSH	DWORD [_timer_ts]
    79 000000E2 E8 [00000000]                   	CALL	_timer_login
    80 000000E7 E8 00000063                     	CALL	_mtask_alloc
    81 000000EC 6A 00                           	PUSH	0
    82 000000EE 68 00010000                     	PUSH	65536
    83 000000F3 89 C3                           	MOV	EBX,EAX
    84 000000F5 FF 75 08                        	PUSH	DWORD [8+EBP]
    85 000000F8 E8 [00000000]                   	CALL	_memory_alloc_4k
    86 000000FD 83 C4 28                        	ADD	ESP,40
    87 00000100 8B 00                           	MOV	EAX,DWORD [EAX]
    88 00000102 05 00010000                     	ADD	EAX,65536
    89 00000107 89 43 4C                        	MOV	DWORD [76+EBX],EAX
    90 0000010A C7 43 34 [000003D6]             	MOV	DWORD [52+EBX],_task_idle_main
    91 00000111 C7 43 5C 00000008               	MOV	DWORD [92+EBX],8
    92 00000118 C7 43 60 00000010               	MOV	DWORD [96+EBX],16
    93 0000011F C7 43 64 00000008               	MOV	DWORD [100+EBX],8
    94 00000126 C7 43 68 00000008               	MOV	DWORD [104+EBX],8
    95 0000012D C7 43 6C 00000008               	MOV	DWORD [108+EBX],8
    96 00000134 C7 43 70 00000008               	MOV	DWORD [112+EBX],8
    97 0000013B 6A 01                           	PUSH	1
    98 0000013D 6A 09                           	PUSH	9
    99 0000013F 53                              	PUSH	EBX
   100 00000140 E8 000000A9                     	CALL	_mtask_run
   101 00000145 8D 65 F4                        	LEA	ESP,DWORD [-12+EBP]
   102 00000148 5B                              	POP	EBX
   103 00000149 89 F0                           	MOV	EAX,ESI
   104 0000014B 5E                              	POP	ESI
   105 0000014C 5F                              	POP	EDI
   106 0000014D 5D                              	POP	EBP
   107 0000014E C3                              	RET
   108 0000014F                                 	GLOBAL	_mtask_alloc
   109 0000014F                                 _mtask_alloc:
   110 0000014F 55                              	PUSH	EBP
   111 00000150 31 C9                           	XOR	ECX,ECX
   112 00000152 89 E5                           	MOV	EBP,ESP
   113 00000154 31 D2                           	XOR	EDX,EDX
   114 00000156                                 L15:
   115 00000156 89 D0                           	MOV	EAX,EDX
   116 00000158 03 05 [00000000]                	ADD	EAX,DWORD [_taskctl]
   117 0000015E 83 B8 00000FFC 00               	CMP	DWORD [4092+EAX],0
   118 00000165 74 10                           	JE	L18
   119 00000167 41                              	INC	ECX
   120 00000168 83 C2 7C                        	ADD	EDX,124
   121 0000016B 81 F9 000003E7                  	CMP	ECX,999
   122 00000171 7E E3                           	JLE	L15
   123 00000173 31 C0                           	XOR	EAX,EAX
   124 00000175                                 L9:
   125 00000175 5D                              	POP	EBP
   126 00000176 C3                              	RET
   127 00000177                                 L18:
   128 00000177 05 00000FF8                     	ADD	EAX,4088
   129 0000017C C7 40 04 00000001               	MOV	DWORD [4+EAX],1
   130 00000183 C7 40 38 00000202               	MOV	DWORD [56+EAX],514
   131 0000018A C7 40 3C 00000000               	MOV	DWORD [60+EAX],0
   132 00000191 C7 40 40 00000000               	MOV	DWORD [64+EAX],0
   133 00000198 C7 40 44 00000000               	MOV	DWORD [68+EAX],0
   134 0000019F C7 40 48 00000000               	MOV	DWORD [72+EAX],0
   135 000001A6 C7 40 50 00000000               	MOV	DWORD [80+EAX],0
   136 000001AD C7 40 54 00000000               	MOV	DWORD [84+EAX],0
   137 000001B4 C7 40 58 00000000               	MOV	DWORD [88+EAX],0
   138 000001BB C7 40 5C 00000000               	MOV	DWORD [92+EAX],0
   139 000001C2 C7 40 68 00000000               	MOV	DWORD [104+EAX],0
   140 000001C9 C7 40 6C 00000000               	MOV	DWORD [108+EAX],0
   141 000001D0 C7 40 70 00000000               	MOV	DWORD [112+EAX],0
   142 000001D7 C7 40 74 00000000               	MOV	DWORD [116+EAX],0
   143 000001DE C7 40 78 40000000               	MOV	DWORD [120+EAX],1073741824
   144 000001E5 C7 40 1C 00000000               	MOV	DWORD [28+EAX],0
   145 000001EC EB 87                           	JMP	L9
   146 000001EE                                 	GLOBAL	_mtask_run
   147 000001EE                                 _mtask_run:
   148 000001EE 55                              	PUSH	EBP
   149 000001EF 89 E5                           	MOV	EBP,ESP
   150 000001F1 56                              	PUSH	ESI
   151 000001F2 53                              	PUSH	EBX
   152 000001F3 8B 75 0C                        	MOV	ESI,DWORD [12+EBP]
   153 000001F6 8B 45 10                        	MOV	EAX,DWORD [16+EBP]
   154 000001F9 8B 5D 08                        	MOV	EBX,DWORD [8+EBP]
   155 000001FC 85 F6                           	TEST	ESI,ESI
   156 000001FE 78 3B                           	JS	L24
   157 00000200                                 L20:
   158 00000200 85 C0                           	TEST	EAX,EAX
   159 00000202 7E 03                           	JLE	L21
   160 00000204 89 43 08                        	MOV	DWORD [8+EBX],EAX
   161 00000207                                 L21:
   162 00000207 83 7B 04 02                     	CMP	DWORD [4+EBX],2
   163 0000020B 74 20                           	JE	L25
   164 0000020D                                 L22:
   165 0000020D 83 7B 04 02                     	CMP	DWORD [4+EBX],2
   166 00000211 74 0A                           	JE	L23
   167 00000213 89 73 0C                        	MOV	DWORD [12+EBX],ESI
   168 00000216 53                              	PUSH	EBX
   169 00000217 E8 000000FD                     	CALL	_task_add
   170 0000021C 58                              	POP	EAX
   171 0000021D                                 L23:
   172 0000021D A1 [00000000]                   	MOV	EAX,DWORD [_taskctl]
   173 00000222 C6 40 04 01                     	MOV	BYTE [4+EAX],1
   174 00000226 8D 65 F8                        	LEA	ESP,DWORD [-8+EBP]
   175 00000229 5B                              	POP	EBX
   176 0000022A 5E                              	POP	ESI
   177 0000022B 5D                              	POP	EBP
   178 0000022C C3                              	RET
   179 0000022D                                 L25:
   180 0000022D 39 73 0C                        	CMP	DWORD [12+EBX],ESI
   181 00000230 74 DB                           	JE	L22
   182 00000232 53                              	PUSH	EBX
   183 00000233 E8 00000114                     	CALL	_task_remove
   184 00000238 5A                              	POP	EDX
   185 00000239 EB D2                           	JMP	L22
   186 0000023B                                 L24:
   187 0000023B 8B 73 0C                        	MOV	ESI,DWORD [12+EBX]
   188 0000023E EB C0                           	JMP	L20
   189 00000240                                 	GLOBAL	_mtask_switch
   190 00000240                                 _mtask_switch:
   191 00000240 55                              	PUSH	EBP
   192 00000241 89 E5                           	MOV	EBP,ESP
   193 00000243 56                              	PUSH	ESI
   194 00000244 53                              	PUSH	EBX
   195 00000245 8B 1D [00000000]                	MOV	EBX,DWORD [_taskctl]
   196 0000024B 8B 13                           	MOV	EDX,DWORD [EBX]
   197 0000024D 69 D2 00000198                  	IMUL	EDX,EDX,408
   198 00000253 8D 14 1A                        	LEA	EDX,DWORD [EDX+EBX*1]
   199 00000256 8D 4A 08                        	LEA	ECX,DWORD [8+EDX]
   200 00000259 8B 41 04                        	MOV	EAX,DWORD [4+ECX]
   201 0000025C 8B 74 81 08                     	MOV	ESI,DWORD [8+ECX+EAX*4]
   202 00000260 40                              	INC	EAX
   203 00000261 89 41 04                        	MOV	DWORD [4+ECX],EAX
   204 00000264 3B 42 08                        	CMP	EAX,DWORD [8+EDX]
   205 00000267 74 4C                           	JE	L30
   206 00000269                                 L27:
   207 00000269 80 7B 04 00                     	CMP	BYTE [4+EBX],0
   208 0000026D 75 2D                           	JNE	L31
   209 0000026F                                 L28:
   210 0000026F 8B 41 04                        	MOV	EAX,DWORD [4+ECX]
   211 00000272 8B 5C 81 08                     	MOV	EBX,DWORD [8+ECX+EAX*4]
   212 00000276 FF 73 08                        	PUSH	DWORD [8+EBX]
   213 00000279 FF 35 [00000004]                	PUSH	DWORD [_timer_ts]
   214 0000027F E8 [00000000]                   	CALL	_timer_login
   215 00000284 39 F3                           	CMP	EBX,ESI
   216 00000286 58                              	POP	EAX
   217 00000287 5A                              	POP	EDX
   218 00000288 74 0B                           	JE	L26
   219 0000028A FF 33                           	PUSH	DWORD [EBX]
   220 0000028C 6A 00                           	PUSH	0
   221 0000028E E8 [00000000]                   	CALL	_far_jmp
   222 00000293 59                              	POP	ECX
   223 00000294 5B                              	POP	EBX
   224 00000295                                 L26:
   225 00000295 8D 65 F8                        	LEA	ESP,DWORD [-8+EBP]
   226 00000298 5B                              	POP	EBX
   227 00000299 5E                              	POP	ESI
   228 0000029A 5D                              	POP	EBP
   229 0000029B C3                              	RET
   230 0000029C                                 L31:
   231 0000029C E8 0000010E                     	CALL	_task_switchsub
   232 000002A1 8B 15 [00000000]                	MOV	EDX,DWORD [_taskctl]
   233 000002A7 8B 02                           	MOV	EAX,DWORD [EDX]
   234 000002A9 69 C0 00000198                  	IMUL	EAX,EAX,408
   235 000002AF 8D 4C 10 08                     	LEA	ECX,DWORD [8+EAX+EDX*1]
   236 000002B3 EB BA                           	JMP	L28
   237 000002B5                                 L30:
   238 000002B5 C7 41 04 00000000               	MOV	DWORD [4+ECX],0
   239 000002BC EB AB                           	JMP	L27
   240 000002BE                                 	GLOBAL	_mtask_sleep
   241 000002BE                                 _mtask_sleep:
   242 000002BE 55                              	PUSH	EBP
   243 000002BF 89 E5                           	MOV	EBP,ESP
   244 000002C1 56                              	PUSH	ESI
   245 000002C2 53                              	PUSH	EBX
   246 000002C3 8B 75 08                        	MOV	ESI,DWORD [8+EBP]
   247 000002C6 83 7E 04 02                     	CMP	DWORD [4+ESI],2
   248 000002CA 74 07                           	JE	L35
   249 000002CC                                 L32:
   250 000002CC 8D 65 F8                        	LEA	ESP,DWORD [-8+EBP]
   251 000002CF 5B                              	POP	EBX
   252 000002D0 5E                              	POP	ESI
   253 000002D1 5D                              	POP	EBP
   254 000002D2 C3                              	RET
   255 000002D3                                 L35:
   256 000002D3 E8 00000024                     	CALL	_task_now
   257 000002D8 56                              	PUSH	ESI
   258 000002D9 89 C3                           	MOV	EBX,EAX
   259 000002DB E8 0000006C                     	CALL	_task_remove
   260 000002E0 58                              	POP	EAX
   261 000002E1 39 DE                           	CMP	ESI,EBX
   262 000002E3 75 E7                           	JNE	L32
   263 000002E5 E8 000000C5                     	CALL	_task_switchsub
   264 000002EA E8 0000000D                     	CALL	_task_now
   265 000002EF FF 30                           	PUSH	DWORD [EAX]
   266 000002F1 6A 00                           	PUSH	0
   267 000002F3 E8 [00000000]                   	CALL	_far_jmp
   268 000002F8 59                              	POP	ECX
   269 000002F9 5B                              	POP	EBX
   270 000002FA EB D0                           	JMP	L32
   271 000002FC                                 	GLOBAL	_task_now
   272 000002FC                                 _task_now:
   273 000002FC A1 [00000000]                   	MOV	EAX,DWORD [_taskctl]
   274 00000301 55                              	PUSH	EBP
   275 00000302 89 E5                           	MOV	EBP,ESP
   276 00000304 5D                              	POP	EBP
   277 00000305 8B 10                           	MOV	EDX,DWORD [EAX]
   278 00000307 69 D2 00000198                  	IMUL	EDX,EDX,408
   279 0000030D 8D 44 02 08                     	LEA	EAX,DWORD [8+EDX+EAX*1]
   280 00000311 8B 50 04                        	MOV	EDX,DWORD [4+EAX]
   281 00000314 8B 44 90 08                     	MOV	EAX,DWORD [8+EAX+EDX*4]
   282 00000318 C3                              	RET
   283 00000319                                 	GLOBAL	_task_add
   284 00000319                                 _task_add:
   285 00000319 55                              	PUSH	EBP
   286 0000031A 89 E5                           	MOV	EBP,ESP
   287 0000031C 53                              	PUSH	EBX
   288 0000031D 8B 5D 08                        	MOV	EBX,DWORD [8+EBP]
   289 00000320 8B 53 0C                        	MOV	EDX,DWORD [12+EBX]
   290 00000323 69 D2 00000198                  	IMUL	EDX,EDX,408
   291 00000329 03 15 [00000000]                	ADD	EDX,DWORD [_taskctl]
   292 0000032F 8B 42 08                        	MOV	EAX,DWORD [8+EDX]
   293 00000332 8D 4A 08                        	LEA	ECX,DWORD [8+EDX]
   294 00000335 83 F8 63                        	CMP	EAX,99
   295 00000338 7F 0F                           	JG	L37
   296 0000033A 89 5C 81 08                     	MOV	DWORD [8+ECX+EAX*4],EBX
   297 0000033E 40                              	INC	EAX
   298 0000033F 89 42 08                        	MOV	DWORD [8+EDX],EAX
   299 00000342 C7 43 04 00000002               	MOV	DWORD [4+EBX],2
   300 00000349                                 L37:
   301 00000349 5B                              	POP	EBX
   302 0000034A 5D                              	POP	EBP
   303 0000034B C3                              	RET
   304 0000034C                                 	GLOBAL	_task_remove
   305 0000034C                                 _task_remove:
   306 0000034C 55                              	PUSH	EBP
   307 0000034D 31 C9                           	XOR	ECX,ECX
   308 0000034F 89 E5                           	MOV	EBP,ESP
   309 00000351 53                              	PUSH	EBX
   310 00000352 8B 5D 08                        	MOV	EBX,DWORD [8+EBP]
   311 00000355 8B 43 0C                        	MOV	EAX,DWORD [12+EBX]
   312 00000358 69 C0 00000198                  	IMUL	EAX,EAX,408
   313 0000035E 03 05 [00000000]                	ADD	EAX,DWORD [_taskctl]
   314 00000364 8D 50 08                        	LEA	EDX,DWORD [8+EAX]
   315 00000367 3B 48 08                        	CMP	ECX,DWORD [8+EAX]
   316 0000036A 7D 0B                           	JGE	L41
   317 0000036C                                 L45:
   318 0000036C 39 5C 8A 08                     	CMP	DWORD [8+EDX+ECX*4],EBX
   319 00000370 74 05                           	JE	L41
   320 00000372 41                              	INC	ECX
   321 00000373 3B 0A                           	CMP	ECX,DWORD [EDX]
   322 00000375 7C F5                           	JL	L45
   323 00000377                                 L41:
   324 00000377 8B 42 04                        	MOV	EAX,DWORD [4+EDX]
   325 0000037A FF 0A                           	DEC	DWORD [EDX]
   326 0000037C 39 C1                           	CMP	ECX,EAX
   327 0000037E 7D 04                           	JGE	L46
   328 00000380 48                              	DEC	EAX
   329 00000381 89 42 04                        	MOV	DWORD [4+EDX],EAX
   330 00000384                                 L46:
   331 00000384 8B 02                           	MOV	EAX,DWORD [EDX]
   332 00000386 39 42 04                        	CMP	DWORD [4+EDX],EAX
   333 00000389 7C 07                           	JL	L47
   334 0000038B C7 42 04 00000000               	MOV	DWORD [4+EDX],0
   335 00000392                                 L47:
   336 00000392 C7 43 04 00000001               	MOV	DWORD [4+EBX],1
   337 00000399 8B 1A                           	MOV	EBX,DWORD [EDX]
   338 0000039B 39 D9                           	CMP	ECX,EBX
   339 0000039D 7D 0D                           	JGE	L55
   340 0000039F                                 L52:
   341 0000039F 8B 44 8A 0C                     	MOV	EAX,DWORD [12+EDX+ECX*4]
   342 000003A3 89 44 8A 08                     	MOV	DWORD [8+EDX+ECX*4],EAX
   343 000003A7 41                              	INC	ECX
   344 000003A8 39 D9                           	CMP	ECX,EBX
   345 000003AA 7C F3                           	JL	L52
   346 000003AC                                 L55:
   347 000003AC 5B                              	POP	EBX
   348 000003AD 5D                              	POP	EBP
   349 000003AE C3                              	RET
   350 000003AF                                 	GLOBAL	_task_switchsub
   351 000003AF                                 _task_switchsub:
   352 000003AF 55                              	PUSH	EBP
   353 000003B0 31 C9                           	XOR	ECX,ECX
   354 000003B2 89 E5                           	MOV	EBP,ESP
   355 000003B4 A1 [00000000]                   	MOV	EAX,DWORD [_taskctl]
   356 000003B9 31 D2                           	XOR	EDX,EDX
   357 000003BB                                 L62:
   358 000003BB 83 7C 10 08 00                  	CMP	DWORD [8+EAX+EDX*1],0
   359 000003C0 7F 0C                           	JG	L58
   360 000003C2 41                              	INC	ECX
   361 000003C3 81 C2 00000198                  	ADD	EDX,408
   362 000003C9 83 F9 09                        	CMP	ECX,9
   363 000003CC 7E ED                           	JLE	L62
   364 000003CE                                 L58:
   365 000003CE 89 08                           	MOV	DWORD [EAX],ECX
   366 000003D0 C6 40 04 00                     	MOV	BYTE [4+EAX],0
   367 000003D4 5D                              	POP	EBP
   368 000003D5 C3                              	RET
   369 000003D6                                 	GLOBAL	_task_idle_main
   370 000003D6                                 _task_idle_main:
   371 000003D6 55                              	PUSH	EBP
   372 000003D7 89 E5                           	MOV	EBP,ESP
   373 000003D9                                 L65:
   374 000003D9 E8 [00000000]                   	CALL	_io_hlt
   375 000003DE EB F9                           	JMP	L65
   376 000003E0                                 	GLOBAL	_taskctl
   377                                          [SECTION .data]
   378 00000000                                 	ALIGNB	4
   379 00000000                                 _taskctl:
   380 00000000 00 00 00 00                     	RESB	4
   381 00000004                                 	GLOBAL	_timer_ts
   382                                          [SECTION .data]
   383 00000004                                 	ALIGNB	4
   384 00000004                                 _timer_ts:
   385 00000004 00 00 00 00                     	RESB	4
